<component name="libraryTable">
  <library name="junit">
    <CLASSES>
      <root url="jar://$PROJECT_DIR$/libs/junit/junit-dep-4.10.jar!/" />
    </CLASSES>
    <JAVADOC>
      <root url="jar://$PROJECT_DIR$/libs/junit/junit-dep-4.10-javadoc.jar!/" />
    </JAVADOC>
    <SOURCES>
      <root url="jar://$PROJECT_DIR$/libs/junit/junit-dep-4.10-sources.jar!/" />
    </SOURCES>
  </library>
</component>